<?xml version="1.0" encoding="UTF-8" standalone="no"?>
<testsuite failures="1" name="cucumber.runtime.formatter.JUnitFormatter" skipped="0" tests="1" time="0.50627">
    <testcase classname="Open Browser and login" name="Title of your scenario" time="0.50627">
        <failure message="The scenario has pending or undefined step(s)"><![CDATA[Given open the brwoser and Swiggy website...................................pending
When open login page........................................................skipped
Then add phone number and close the browser.................................skipped
]]></failure>
    </testcase>
</testsuite>
