<?xml version="1.0" encoding="UTF-8"?>
<testng-results ignored="0" total="1" passed="1" failed="0" skipped="0">
  <reporter-output>
  </reporter-output>
  <suite started-at="٢٠٢١-٠٧-٠١T٢١:٤٧:٠٩ AST" name="Failed suite [Suite]" finished-at="٢٠٢١-٠٧-٠١T٢١:٤٧:١٤ AST" duration-ms="4997">
    <groups>
    </groups>
    <test started-at="٢٠٢١-٠٧-٠١T٢١:٤٧:٠٩ AST" name="Test(failed)" finished-at="٢٠٢١-٠٧-٠١T٢١:٤٧:١٤ AST" duration-ms="4997">
      <class name="project.TestNGClass">
        <test-method is-config="true" signature="beforeTest()[pri:0, instance:project.TestNGClass@72bc6553]" started-at="٢٠٢١-٠٧-٠١T٢١:٤٧:٠٩ AST" name="beforeTest" finished-at="٢٠٢١-٠٧-٠١T٢١:٤٧:٠٩ AST" duration-ms="11" status="PASS">
          <reporter-output>
          </reporter-output>
        </test-method> <!-- beforeTest -->
        <test-method signature="rest_API_test()[pri:0, instance:project.TestNGClass@72bc6553]" started-at="٢٠٢١-٠٧-٠١T٢١:٤٧:٠٩ AST" name="rest_API_test" finished-at="٢٠٢١-٠٧-٠١T٢١:٤٧:١٤ AST" duration-ms="4930" status="PASS">
          <reporter-output>
          </reporter-output>
        </test-method> <!-- rest_API_test -->
        <test-method is-config="true" signature="afterTest()[pri:0, instance:project.TestNGClass@72bc6553]" started-at="٢٠٢١-٠٧-٠١T٢١:٤٧:١٤ AST" name="afterTest" finished-at="٢٠٢١-٠٧-٠١T٢١:٤٧:١٤ AST" duration-ms="1" status="PASS">
          <reporter-output>
          </reporter-output>
        </test-method> <!-- afterTest -->
      </class> <!-- project.TestNGClass -->
    </test> <!-- Test(failed) -->
  </suite> <!-- Failed suite [Suite] -->
</testng-results>
